<?xml version="1.0" encoding="UTF-8"?>
<!-- Generated by org.testng.reporters.JUnitReportReporter -->
<testsuite hostname="LAPTOP-2NLO1D1R" failures="0" tests="1" name="testPackage.ActiTimeTestValidLogin" time="9.538" errors="0" timestamp="2023-01-27T12:23:02 IST" skipped="0">
  <testcase classname="testPackage.ActiTimeTestValidLogin" name="validTest" time="9.538"/>
  <system-out/>
</testsuite> <!-- testPackage.ActiTimeTestValidLogin -->
